This file contains any messages produced by compilers while
running configure, to aid debugging if configure makes a mistake.

It was created by LLVM configure 3.6.1, which was
generated by GNU Autoconf 2.60.  Invocation command line was

  $ ./configure 

## --------- ##
## Platform. ##
## --------- ##

hostname = ubuntu
uname -m = i686
uname -r = 3.16.0-30-generic
uname -s = Linux
uname -v = #40~14.04.1-Ubuntu SMP Thu Jan 15 17:45:15 UTC 2015

/usr/bin/uname -p = unknown
/bin/uname -X     = unknown

/bin/arch              = unknown
/usr/bin/arch -k       = unknown
/usr/convex/getsysinfo = unknown
/usr/bin/hostinfo      = unknown
/bin/machine           = unknown
/usr/bin/oslevel       = unknown
/bin/universe          = unknown

PATH: /home/hu/depot_tools
PATH: /home/hu/.rbenv/plugins/ruby-build/bin
PATH: /home/hu/.rbenv/shims
PATH: /home/hu/.rbenv/bin
PATH: /usr/local/sbin
PATH: /usr/local/bin
PATH: /usr/sbin
PATH: /usr/bin
PATH: /sbin
PATH: /bin
PATH: /usr/games
PATH: /usr/local/games


## ----------- ##
## Core tests. ##
## ----------- ##

configure:2059: checking for clang
configure:2089: result: no
configure:2059: checking for gcc
configure:2075: found /usr/bin/gcc
configure:2086: result: gcc
configure:2122: checking for C compiler version
configure:2129: gcc --version >&5
gcc (Ubuntu 4.8.2-19ubuntu1) 4.8.2
Copyright (C) 2013 Free Software Foundation, Inc.
This is free software; see the source for copying conditions.  There is NO
warranty; not even for MERCHANTABILITY or FITNESS FOR A PARTICULAR PURPOSE.

configure:2132: $? = 0
configure:2139: gcc -v >&5
Using built-in specs.
COLLECT_GCC=gcc
COLLECT_LTO_WRAPPER=/usr/lib/gcc/i686-linux-gnu/4.8/lto-wrapper
Target: i686-linux-gnu
Configured with: ../src/configure -v --with-pkgversion='Ubuntu 4.8.2-19ubuntu1' --with-bugurl=file:///usr/share/doc/gcc-4.8/README.Bugs --enable-languages=c,c++,java,go,d,fortran,objc,obj-c++ --prefix=/usr --program-suffix=-4.8 --enable-shared --enable-linker-build-id --libexecdir=/usr/lib --without-included-gettext --enable-threads=posix --with-gxx-include-dir=/usr/include/c++/4.8 --libdir=/usr/lib --enable-nls --with-sysroot=/ --enable-clocale=gnu --enable-libstdcxx-debug --enable-libstdcxx-time=yes --enable-gnu-unique-object --disable-libmudflap --enable-plugin --with-system-zlib --disable-browser-plugin --enable-java-awt=gtk --enable-gtk-cairo --with-java-home=/usr/lib/jvm/java-1.5.0-gcj-4.8-i386/jre --enable-java-home --with-jvm-root-dir=/usr/lib/jvm/java-1.5.0-gcj-4.8-i386 --with-jvm-jar-dir=/usr/lib/jvm-exports/java-1.5.0-gcj-4.8-i386 --with-arch-directory=i386 --with-ecj-jar=/usr/share/java/eclipse-ecj.jar --enable-objc-gc --enable-targets=all --enable-multiarch --disable-werror --with-arch-32=i686 --with-multilib-list=m32,m64,mx32 --with-tune=generic --enable-checking=release --build=i686-linux-gnu --host=i686-linux-gnu --target=i686-linux-gnu
Thread model: posix
gcc version 4.8.2 (Ubuntu 4.8.2-19ubuntu1) 
configure:2142: $? = 0
configure:2149: gcc -V >&5
gcc: error: unrecognized command line option '-V'
gcc: fatal error: no input files
compilation terminated.
configure:2152: $? = 4
configure:2175: checking for C compiler default output file name
configure:2202: gcc    conftest.c  >&5
configure:2205: $? = 0
configure:2251: result: a.out
configure:2256: checking whether the C compiler works
configure:2266: ./a.out
configure:2269: $? = 0
configure:2286: result: yes
configure:2293: checking whether we are cross compiling
configure:2295: result: no
configure:2298: checking for suffix of executables
configure:2305: gcc -o conftest    conftest.c  >&5
configure:2308: $? = 0
configure:2332: result: 
configure:2338: checking for suffix of object files
configure:2364: gcc -c   conftest.c >&5
configure:2367: $? = 0
configure:2390: result: o
configure:2394: checking whether we are using the GNU C compiler
configure:2423: gcc -c   conftest.c >&5
configure:2429: $? = 0
configure:2436: test -z "$ac_c_werror_flag" || test ! -s conftest.err
configure:2439: $? = 0
configure:2446: test -s conftest.o
configure:2449: $? = 0
configure:2463: result: yes
configure:2468: checking whether gcc accepts -g
configure:2498: gcc -c -g  conftest.c >&5
configure:2504: $? = 0
configure:2511: test -z "$ac_c_werror_flag" || test ! -s conftest.err
configure:2514: $? = 0
configure:2521: test -s conftest.o
configure:2524: $? = 0
configure:2654: result: yes
configure:2671: checking for gcc option to accept ISO C89
configure:2745: gcc  -c   conftest.c >&5
configure:2751: $? = 0
configure:2758: test -z "$ac_c_werror_flag" || test ! -s conftest.err
configure:2761: $? = 0
configure:2768: test -s conftest.o
configure:2771: $? = 0
configure:2791: result: none needed
configure:2867: checking for clang++
configure:2897: result: no
configure:2867: checking for g++
configure:2883: found /usr/bin/g++
configure:2894: result: g++
configure:2925: checking for C++ compiler version
configure:2932: g++ --version >&5
g++ (Ubuntu 4.8.2-19ubuntu1) 4.8.2
Copyright (C) 2013 Free Software Foundation, Inc.
This is free software; see the source for copying conditions.  There is NO
warranty; not even for MERCHANTABILITY or FITNESS FOR A PARTICULAR PURPOSE.

configure:2935: $? = 0
configure:2942: g++ -v >&5
Using built-in specs.
COLLECT_GCC=g++
COLLECT_LTO_WRAPPER=/usr/lib/gcc/i686-linux-gnu/4.8/lto-wrapper
Target: i686-linux-gnu
Configured with: ../src/configure -v --with-pkgversion='Ubuntu 4.8.2-19ubuntu1' --with-bugurl=file:///usr/share/doc/gcc-4.8/README.Bugs --enable-languages=c,c++,java,go,d,fortran,objc,obj-c++ --prefix=/usr --program-suffix=-4.8 --enable-shared --enable-linker-build-id --libexecdir=/usr/lib --without-included-gettext --enable-threads=posix --with-gxx-include-dir=/usr/include/c++/4.8 --libdir=/usr/lib --enable-nls --with-sysroot=/ --enable-clocale=gnu --enable-libstdcxx-debug --enable-libstdcxx-time=yes --enable-gnu-unique-object --disable-libmudflap --enable-plugin --with-system-zlib --disable-browser-plugin --enable-java-awt=gtk --enable-gtk-cairo --with-java-home=/usr/lib/jvm/java-1.5.0-gcj-4.8-i386/jre --enable-java-home --with-jvm-root-dir=/usr/lib/jvm/java-1.5.0-gcj-4.8-i386 --with-jvm-jar-dir=/usr/lib/jvm-exports/java-1.5.0-gcj-4.8-i386 --with-arch-directory=i386 --with-ecj-jar=/usr/share/java/eclipse-ecj.jar --enable-objc-gc --enable-targets=all --enable-multiarch --disable-werror --with-arch-32=i686 --with-multilib-list=m32,m64,mx32 --with-tune=generic --enable-checking=release --build=i686-linux-gnu --host=i686-linux-gnu --target=i686-linux-gnu
Thread model: posix
gcc version 4.8.2 (Ubuntu 4.8.2-19ubuntu1) 
configure:2945: $? = 0
configure:2952: g++ -V >&5
g++: error: unrecognized command line option '-V'
g++: fatal error: no input files
compilation terminated.
configure:2955: $? = 4
configure:2958: checking whether we are using the GNU C++ compiler
configure:2987: g++ -c   conftest.cpp >&5
configure:2993: $? = 0
configure:3000: test -z "$ac_cxx_werror_flag" || test ! -s conftest.err
configure:3003: $? = 0
configure:3010: test -s conftest.o
configure:3013: $? = 0
configure:3027: result: yes
configure:3032: checking whether g++ accepts -g
configure:3062: g++ -c -g  conftest.cpp >&5
configure:3068: $? = 0
configure:3075: test -z "$ac_cxx_werror_flag" || test ! -s conftest.err
configure:3078: $? = 0
configure:3085: test -s conftest.o
configure:3088: $? = 0
configure:3218: result: yes
configure:3246: checking how to run the C preprocessor
configure:3286: gcc -E  conftest.c
configure:3292: $? = 0
configure:3330: gcc -E  conftest.c
conftest.c:12:28: fatal error: ac_nonexistent.h: No such file or directory
 #include <ac_nonexistent.h>
                            ^
compilation terminated.
configure:3336: $? = 1
configure: failed program was:
| /* confdefs.h.  */
| #define PACKAGE_NAME "LLVM"
| #define PACKAGE_TARNAME "llvm"
| #define PACKAGE_VERSION "3.6.1"
| #define PACKAGE_STRING "Obfuscator-LLVM 3.6.1"
| #define PACKAGE_BUGREPORT "http://o-llvm.org"
| #define LLVM_VERSION_MAJOR 3
| #define LLVM_VERSION_MINOR 6
| #define LLVM_VERSION_PATCH 1
| #define LLVM_VERSION_STRING "3.6.1"
| /* end confdefs.h.  */
| #include <ac_nonexistent.h>
configure:3376: result: gcc -E
configure:3405: gcc -E  conftest.c
configure:3411: $? = 0
configure:3449: gcc -E  conftest.c
conftest.c:12:28: fatal error: ac_nonexistent.h: No such file or directory
 #include <ac_nonexistent.h>
                            ^
compilation terminated.
configure:3455: $? = 1
configure: failed program was:
| /* confdefs.h.  */
| #define PACKAGE_NAME "LLVM"
| #define PACKAGE_TARNAME "llvm"
| #define PACKAGE_VERSION "3.6.1"
| #define PACKAGE_STRING "Obfuscator-LLVM 3.6.1"
| #define PACKAGE_BUGREPORT "http://o-llvm.org"
| #define LLVM_VERSION_MAJOR 3
| #define LLVM_VERSION_MINOR 6
| #define LLVM_VERSION_PATCH 1
| #define LLVM_VERSION_STRING "3.6.1"
| /* end confdefs.h.  */
| #include <ac_nonexistent.h>
configure:3592: checking whether GCC or Clang is our host compiler
configure:3618: g++ -c   conftest.cpp >&5
conftest.cpp:13:38: error: #error 
                                     #error
                                      ^
configure:3624: $? = 1
configure: failed program was:
| /* confdefs.h.  */
| #define PACKAGE_NAME "LLVM"
| #define PACKAGE_TARNAME "llvm"
| #define PACKAGE_VERSION "3.6.1"
| #define PACKAGE_STRING "Obfuscator-LLVM 3.6.1"
| #define PACKAGE_BUGREPORT "http://o-llvm.org"
| #define LLVM_VERSION_MAJOR 3
| #define LLVM_VERSION_MINOR 6
| #define LLVM_VERSION_PATCH 1
| #define LLVM_VERSION_STRING "3.6.1"
| /* end confdefs.h.  */
| #if ! __clang__
|                                     #error
|                                     #endif
| 
configure:3668: g++ -c   conftest.cpp >&5
configure:3674: $? = 0
configure:3681: test -z "$ac_cxx_werror_flag" || test ! -s conftest.err
configure:3684: $? = 0
configure:3691: test -s conftest.o
configure:3694: $? = 0
configure:3714: result: gcc
configure:3792: checking build system type
configure:3810: result: i686-pc-linux-gnu
configure:3832: checking host system type
configure:3847: result: i686-pc-linux-gnu
configure:3869: checking target system type
configure:3884: result: i686-pc-linux-gnu
configure:3913: checking type of operating system we're going to host on
configure:4026: result: Linux
configure:4029: checking type of operating system we're going to target
configure:4081: result: Linux
configure:4127: checking target architecture
configure:4150: result: x86
configure:4716: checking whether GCC is new enough
configure:4736: g++ -c   conftest.cpp >&5
configure:4742: $? = 0
configure:4749: test -z "$ac_cxx_werror_flag" || test ! -s conftest.err
configure:4752: $? = 0
configure:4759: test -s conftest.o
configure:4762: $? = 0
configure:4764: result: yes
configure:5473: checking optimization flags
configure:5486: result: -O3
configure:5733: checking for GNU make
configure:5748: result: make
configure:5759: checking whether ln -s works
configure:5763: result: yes
configure:5772: checking for nm
configure:5790: found /usr/bin/nm
configure:5803: result: /usr/bin/nm
configure:5813: checking for cmp
configure:5831: found /usr/bin/cmp
configure:5844: result: /usr/bin/cmp
configure:5854: checking for cp
configure:5872: found /bin/cp
configure:5885: result: /bin/cp
configure:5895: checking for date
configure:5913: found /bin/date
configure:5926: result: /bin/date
configure:5936: checking for find
configure:5954: found /usr/bin/find
configure:5967: result: /usr/bin/find
configure:5977: checking for grep
configure:5995: found /bin/grep
configure:6008: result: /bin/grep
configure:6018: checking for mkdir
configure:6036: found /bin/mkdir
configure:6049: result: /bin/mkdir
configure:6059: checking for mv
configure:6077: found /bin/mv
configure:6090: result: /bin/mv
configure:6141: checking for ranlib
configure:6157: found /usr/bin/ranlib
configure:6168: result: ranlib
configure:6237: checking for ar
configure:6253: found /usr/bin/ar
configure:6264: result: ar
configure:6292: checking for rm
configure:6310: found /bin/rm
configure:6323: result: /bin/rm
configure:6333: checking for sed
configure:6351: found /bin/sed
configure:6364: result: /bin/sed
configure:6374: checking for tar
configure:6392: found /bin/tar
configure:6405: result: /bin/tar
configure:6415: checking for pwd
configure:6433: found /bin/pwd
configure:6446: result: /bin/pwd
configure:6457: checking for dot
configure:6488: result: echo dot
configure:6525: checking for a BSD-compatible install
configure:6581: result: /usr/bin/install -c
configure:6599: checking for bzip2
configure:6617: found /bin/bzip2
configure:6629: result: /bin/bzip2
configure:6639: checking for cat
configure:6657: found /bin/cat
configure:6669: result: /bin/cat
configure:6679: checking for doxygen
configure:6712: result: no
configure:6719: checking for groff
configure:6737: found /usr/bin/groff
configure:6749: result: /usr/bin/groff
configure:6759: checking for gzip
configure:6777: found /bin/gzip
configure:6789: result: /bin/gzip
configure:6799: checking for pdfroff
configure:6832: result: no
configure:6839: checking for zip
configure:6857: found /usr/bin/zip
configure:6869: result: /usr/bin/zip
configure:6879: checking for go
configure:6912: result: no
configure:6921: checking for ocamlfind
configure:6954: result: no
configure:6966: checking for gas
configure:6999: result: no
configure:6966: checking for as
configure:6984: found /usr/bin/as
configure:6996: result: /usr/bin/as
configure:7008: checking for linker version
configure:7024: result: 2.24
configure:7034: checking for compiler -Wl,-R<path> option
configure:7068: gcc -o conftest  -Wl,-R.   conftest.c  >&5
configure:7074: $? = 0
configure:7081: test -z "$ac_c_werror_flag" || test ! -s conftest.err
configure:7084: $? = 0
configure:7091: test -s conftest
configure:7094: $? = 0
configure:7115: result: yes
configure:7126: checking for compiler -rdynamic option
configure:7160: gcc -o conftest  -rdynamic   conftest.c  >&5
configure:7166: $? = 0
configure:7173: test -z "$ac_c_werror_flag" || test ! -s conftest.err
configure:7176: $? = 0
configure:7183: test -s conftest
configure:7186: $? = 0
configure:7207: result: yes
configure:7218: checking for compiler -Wl,--version-script option
configure:7274: gcc -o conftest  -Wl,--version-script=/tmp/foo3sPj6s/export.map   conftest.c  >&5
configure:7280: $? = 0
configure:7287: test -z "$ac_c_werror_flag" || test ! -s conftest.err
configure:7290: $? = 0
configure:7297: test -s conftest
configure:7300: $? = 0
configure:7323: result: yes
configure:7332: checking for grep that handles long lines and -e
configure:7406: result: /bin/grep
configure:7411: checking for egrep
configure:7489: result: /bin/grep -E
configure:7494: checking for ANSI C header files
configure:7524: gcc -c   conftest.c >&5
configure:7530: $? = 0
configure:7537: test -z "$ac_c_werror_flag" || test ! -s conftest.err
configure:7540: $? = 0
configure:7547: test -s conftest.o
configure:7550: $? = 0
configure:7646: gcc -o conftest    conftest.c  >&5
configure:7649: $? = 0
configure:7655: ./conftest
configure:7658: $? = 0
configure:7675: result: yes
configure:7699: checking for sys/types.h
configure:7720: gcc -c   conftest.c >&5
configure:7726: $? = 0
configure:7733: test -z "$ac_c_werror_flag" || test ! -s conftest.err
configure:7736: $? = 0
configure:7743: test -s conftest.o
configure:7746: $? = 0
configure:7759: result: yes
configure:7699: checking for sys/stat.h
configure:7720: gcc -c   conftest.c >&5
configure:7726: $? = 0
configure:7733: test -z "$ac_c_werror_flag" || test ! -s conftest.err
configure:7736: $? = 0
configure:7743: test -s conftest.o
configure:7746: $? = 0
configure:7759: result: yes
configure:7699: checking for stdlib.h
configure:7720: gcc -c   conftest.c >&5
configure:7726: $? = 0
configure:7733: test -z "$ac_c_werror_flag" || test ! -s conftest.err
configure:7736: $? = 0
configure:7743: test -s conftest.o
configure:7746: $? = 0
configure:7759: result: yes
configure:7699: checking for string.h
configure:7720: gcc -c   conftest.c >&5
configure:7726: $? = 0
configure:7733: test -z "$ac_c_werror_flag" || test ! -s conftest.err
configure:7736: $? = 0
configure:7743: test -s conftest.o
configure:7746: $? = 0
configure:7759: result: yes
configure:7699: checking for memory.h
configure:7720: gcc -c   conftest.c >&5
configure:7726: $? = 0
configure:7733: test -z "$ac_c_werror_flag" || test ! -s conftest.err
configure:7736: $? = 0
configure:7743: test -s conftest.o
configure:7746: $? = 0
configure:7759: result: yes
configure:7699: checking for strings.h
configure:7720: gcc -c   conftest.c >&5
configure:7726: $? = 0
configure:7733: test -z "$ac_c_werror_flag" || test ! -s conftest.err
configure:7736: $? = 0
configure:7743: test -s conftest.o
configure:7746: $? = 0
configure:7759: result: yes
configure:7699: checking for inttypes.h
configure:7720: gcc -c   conftest.c >&5
configure:7726: $? = 0
configure:7733: test -z "$ac_c_werror_flag" || test ! -s conftest.err
configure:7736: $? = 0
configure:7743: test -s conftest.o
configure:7746: $? = 0
configure:7759: result: yes
configure:7699: checking for stdint.h
configure:7720: gcc -c   conftest.c >&5
configure:7726: $? = 0
configure:7733: test -z "$ac_c_werror_flag" || test ! -s conftest.err
configure:7736: $? = 0
configure:7743: test -s conftest.o
configure:7746: $? = 0
configure:7759: result: yes
configure:7699: checking for unistd.h
configure:7720: gcc -c   conftest.c >&5
configure:7726: $? = 0
configure:7733: test -z "$ac_c_werror_flag" || test ! -s conftest.err
configure:7736: $? = 0
configure:7743: test -s conftest.o
configure:7746: $? = 0
configure:7759: result: yes
configure:7786: checking errno.h usability
configure:7803: gcc -c   conftest.c >&5
configure:7809: $? = 0
configure:7816: test -z "$ac_c_werror_flag" || test ! -s conftest.err
configure:7819: $? = 0
configure:7826: test -s conftest.o
configure:7829: $? = 0
configure:7840: result: yes
configure:7844: checking errno.h presence
configure:7859: gcc -E  conftest.c
configure:7865: $? = 0
configure:7886: result: yes
configure:7919: checking for errno.h
configure:7927: result: yes
configure:7953: checking tool compatibility
configure:8003: gcc -c   conftest.c >&5
configure:8009: $? = 0
configure:8016: test -z "$ac_c_werror_flag" || test ! -s conftest.err
configure:8019: $? = 0
configure:8026: test -s conftest.o
configure:8029: $? = 0
configure:8051: result: ok
configure:8054: checking optional compiler flags
configure:8098: gcc -c   conftest.c >&5
configure:8104: $? = 0
configure:8111: test -z "$ac_c_werror_flag" || test ! -s conftest.err
configure:8114: $? = 0
configure:8121: test -s conftest.o
configure:8124: $? = 0
configure:8141: result: -Wno-variadic-macros -Wno-missing-field-initializers   -Wno-maybe-uninitialized -Wno-comment
configure:8164: checking for python
configure:8182: found /usr/bin/python
configure:8199: result: /usr/bin/python
configure:8209: checking for python >= 2.7
configure:8218: result: /usr/bin/python (2.7.6)
configure:8232: checking for sin in -lm
configure:8267: gcc -o conftest    conftest.c -lm   >&5
conftest.c:53:6: warning: conflicting types for built-in function 'sin' [enabled by default]
 char sin ();
      ^
configure:8273: $? = 0
configure:8280: test -z "$ac_c_werror_flag" || test ! -s conftest.err
configure:8283: $? = 0
configure:8290: test -s conftest
configure:8293: $? = 0
configure:8307: result: yes
configure:8564: checking for library containing dlopen
configure:8605: gcc -o conftest    conftest.c -lm  >&5
/tmp/ccvtjSY6.o: In function `main':
conftest.c:(.text+0x7): undefined reference to `dlopen'
collect2: error: ld returned 1 exit status
configure:8611: $? = 1
configure: failed program was:
| /* confdefs.h.  */
| #define PACKAGE_NAME "LLVM"
| #define PACKAGE_TARNAME "llvm"
| #define PACKAGE_VERSION "3.6.1"
| #define PACKAGE_STRING "Obfuscator-LLVM 3.6.1"
| #define PACKAGE_BUGREPORT "http://o-llvm.org"
| #define LLVM_VERSION_MAJOR 3
| #define LLVM_VERSION_MINOR 6
| #define LLVM_VERSION_PATCH 1
| #define LLVM_VERSION_STRING "3.6.1"
| #define LLVM_ON_UNIX 1
| #define LLVM_ENABLE_THREADS 1
| #define LLVM_ENABLE_ZLIB 1
| #define ENABLE_PIC 1
| #define ENABLE_TIMESTAMPS 1
| #define ENABLE_BACKTRACES 1
| #define ENABLE_CRASH_OVERRIDES 1
| #define LLVM_NATIVE_ARCH X86
| #define LLVM_NATIVE_TARGET LLVMInitializeX86Target
| #define LLVM_NATIVE_TARGETINFO LLVMInitializeX86TargetInfo
| #define LLVM_NATIVE_TARGETMC LLVMInitializeX86TargetMC
| #define LLVM_NATIVE_ASMPRINTER LLVMInitializeX86AsmPrinter
| #define LLVM_NATIVE_ASMPARSER LLVMInitializeX86AsmParser
| #define LLVM_NATIVE_DISASSEMBLER LLVMInitializeX86Disassembler
| #define CLANG_RESOURCE_DIR ""
| #define C_INCLUDE_DIRS ""
| #define GCC_INSTALL_PREFIX ""
| #define DEFAULT_SYSROOT ""
| #define BUG_REPORT_URL "http://llvm.org/bugs/"
| #define HOST_LINK_VERSION "2.24"
| #define HAVE_LINK_R 1
| #define HAVE_LINK_EXPORT_DYNAMIC 1
| #define STDC_HEADERS 1
| #define HAVE_SYS_TYPES_H 1
| #define HAVE_SYS_STAT_H 1
| #define HAVE_STDLIB_H 1
| #define HAVE_STRING_H 1
| #define HAVE_MEMORY_H 1
| #define HAVE_STRINGS_H 1
| #define HAVE_INTTYPES_H 1
| #define HAVE_STDINT_H 1
| #define HAVE_UNISTD_H 1
| #define HAVE_ERRNO_H 1
| #define LTDL_SHLIB_EXT ".so"
| #define HAVE_LIBM 1
| /* end confdefs.h.  */
| 
| /* Override any GCC internal prototype to avoid an error.
|    Use char because int might match the return type of a GCC
|    builtin and then its argument prototype would still apply.  */
| #ifdef __cplusplus
| extern "C"
| #endif
| char dlopen ();
| int
| main ()
| {
| return dlopen ();
|   ;
|   return 0;
| }
configure:8605: gcc -o conftest    conftest.c -ldl  -lm  >&5
configure:8611: $? = 0
configure:8618: test -z "$ac_c_werror_flag" || test ! -s conftest.err
configure:8621: $? = 0
configure:8628: test -s conftest
configure:8631: $? = 0
configure:8655: result: -ldl
configure:8675: checking for library containing clock_gettime
configure:8716: gcc -o conftest    conftest.c -ldl -lm  >&5
configure:8722: $? = 0
configure:8729: test -z "$ac_c_werror_flag" || test ! -s conftest.err
configure:8732: $? = 0
configure:8739: test -s conftest
configure:8742: $? = 0
configure:8766: result: none required
configure:8776: checking for library containing setupterm
configure:8817: gcc -o conftest    conftest.c -ldl -lm  >&5
/tmp/ccFTKJLw.o: In function `main':
conftest.c:(.text+0x7): undefined reference to `setupterm'
collect2: error: ld returned 1 exit status
configure:8823: $? = 1
configure: failed program was:
| /* confdefs.h.  */
| #define PACKAGE_NAME "LLVM"
| #define PACKAGE_TARNAME "llvm"
| #define PACKAGE_VERSION "3.6.1"
| #define PACKAGE_STRING "Obfuscator-LLVM 3.6.1"
| #define PACKAGE_BUGREPORT "http://o-llvm.org"
| #define LLVM_VERSION_MAJOR 3
| #define LLVM_VERSION_MINOR 6
| #define LLVM_VERSION_PATCH 1
| #define LLVM_VERSION_STRING "3.6.1"
| #define LLVM_ON_UNIX 1
| #define LLVM_ENABLE_THREADS 1
| #define LLVM_ENABLE_ZLIB 1
| #define ENABLE_PIC 1
| #define ENABLE_TIMESTAMPS 1
| #define ENABLE_BACKTRACES 1
| #define ENABLE_CRASH_OVERRIDES 1
| #define LLVM_NATIVE_ARCH X86
| #define LLVM_NATIVE_TARGET LLVMInitializeX86Target
| #define LLVM_NATIVE_TARGETINFO LLVMInitializeX86TargetInfo
| #define LLVM_NATIVE_TARGETMC LLVMInitializeX86TargetMC
| #define LLVM_NATIVE_ASMPRINTER LLVMInitializeX86AsmPrinter
| #define LLVM_NATIVE_ASMPARSER LLVMInitializeX86AsmParser
| #define LLVM_NATIVE_DISASSEMBLER LLVMInitializeX86Disassembler
| #define CLANG_RESOURCE_DIR ""
| #define C_INCLUDE_DIRS ""
| #define GCC_INSTALL_PREFIX ""
| #define DEFAULT_SYSROOT ""
| #define BUG_REPORT_URL "http://llvm.org/bugs/"
| #define HOST_LINK_VERSION "2.24"
| #define HAVE_LINK_R 1
| #define HAVE_LINK_EXPORT_DYNAMIC 1
| #define STDC_HEADERS 1
| #define HAVE_SYS_TYPES_H 1
| #define HAVE_SYS_STAT_H 1
| #define HAVE_STDLIB_H 1
| #define HAVE_STRING_H 1
| #define HAVE_MEMORY_H 1
| #define HAVE_STRINGS_H 1
| #define HAVE_INTTYPES_H 1
| #define HAVE_STDINT_H 1
| #define HAVE_UNISTD_H 1
| #define HAVE_ERRNO_H 1
| #define LTDL_SHLIB_EXT ".so"
| #define HAVE_LIBM 1
| #define HAVE_DLOPEN 1
| /* end confdefs.h.  */
| 
| /* Override any GCC internal prototype to avoid an error.
|    Use char because int might match the return type of a GCC
|    builtin and then its argument prototype would still apply.  */
| #ifdef __cplusplus
| extern "C"
| #endif
| char setupterm ();
| int
| main ()
| {
| return setupterm ();
|   ;
|   return 0;
| }
configure:8817: gcc -o conftest    conftest.c -ltinfo  -ldl -lm  >&5
configure:8823: $? = 0
configure:8830: test -z "$ac_c_werror_flag" || test ! -s conftest.err
configure:8833: $? = 0
configure:8840: test -s conftest
configure:8843: $? = 0
configure:8867: result: -ltinfo
configure:8886: checking for library containing el_init
configure:8927: gcc -o conftest    conftest.c -ltinfo -ldl -lm  >&5
/tmp/ccn6RwHK.o: In function `main':
conftest.c:(.text+0x7): undefined reference to `el_init'
collect2: error: ld returned 1 exit status
configure:8933: $? = 1
configure: failed program was:
| /* confdefs.h.  */
| #define PACKAGE_NAME "LLVM"
| #define PACKAGE_TARNAME "llvm"
| #define PACKAGE_VERSION "3.6.1"
| #define PACKAGE_STRING "Obfuscator-LLVM 3.6.1"
| #define PACKAGE_BUGREPORT "http://o-llvm.org"
| #define LLVM_VERSION_MAJOR 3
| #define LLVM_VERSION_MINOR 6
| #define LLVM_VERSION_PATCH 1
| #define LLVM_VERSION_STRING "3.6.1"
| #define LLVM_ON_UNIX 1
| #define LLVM_ENABLE_THREADS 1
| #define LLVM_ENABLE_ZLIB 1
| #define ENABLE_PIC 1
| #define ENABLE_TIMESTAMPS 1
| #define ENABLE_BACKTRACES 1
| #define ENABLE_CRASH_OVERRIDES 1
| #define LLVM_NATIVE_ARCH X86
| #define LLVM_NATIVE_TARGET LLVMInitializeX86Target
| #define LLVM_NATIVE_TARGETINFO LLVMInitializeX86TargetInfo
| #define LLVM_NATIVE_TARGETMC LLVMInitializeX86TargetMC
| #define LLVM_NATIVE_ASMPRINTER LLVMInitializeX86AsmPrinter
| #define LLVM_NATIVE_ASMPARSER LLVMInitializeX86AsmParser
| #define LLVM_NATIVE_DISASSEMBLER LLVMInitializeX86Disassembler
| #define CLANG_RESOURCE_DIR ""
| #define C_INCLUDE_DIRS ""
| #define GCC_INSTALL_PREFIX ""
| #define DEFAULT_SYSROOT ""
| #define BUG_REPORT_URL "http://llvm.org/bugs/"
| #define HOST_LINK_VERSION "2.24"
| #define HAVE_LINK_R 1
| #define HAVE_LINK_EXPORT_DYNAMIC 1
| #define STDC_HEADERS 1
| #define HAVE_SYS_TYPES_H 1
| #define HAVE_SYS_STAT_H 1
| #define HAVE_STDLIB_H 1
| #define HAVE_STRING_H 1
| #define HAVE_MEMORY_H 1
| #define HAVE_STRINGS_H 1
| #define HAVE_INTTYPES_H 1
| #define HAVE_STDINT_H 1
| #define HAVE_UNISTD_H 1
| #define HAVE_ERRNO_H 1
| #define LTDL_SHLIB_EXT ".so"
| #define HAVE_LIBM 1
| #define HAVE_DLOPEN 1
| #define HAVE_TERMINFO 1
| /* end confdefs.h.  */
| 
| /* Override any GCC internal prototype to avoid an error.
|    Use char because int might match the return type of a GCC
|    builtin and then its argument prototype would still apply.  */
| #ifdef __cplusplus
| extern "C"
| #endif
| char el_init ();
| int
| main ()
| {
| return el_init ();
|   ;
|   return 0;
| }
configure:8927: gcc -o conftest    conftest.c -ledit  -ltinfo -ldl -lm  >&5
/usr/bin/ld: cannot find -ledit
collect2: error: ld returned 1 exit status
configure:8933: $? = 1
configure: failed program was:
| /* confdefs.h.  */
| #define PACKAGE_NAME "LLVM"
| #define PACKAGE_TARNAME "llvm"
| #define PACKAGE_VERSION "3.6.1"
| #define PACKAGE_STRING "Obfuscator-LLVM 3.6.1"
| #define PACKAGE_BUGREPORT "http://o-llvm.org"
| #define LLVM_VERSION_MAJOR 3
| #define LLVM_VERSION_MINOR 6
| #define LLVM_VERSION_PATCH 1
| #define LLVM_VERSION_STRING "3.6.1"
| #define LLVM_ON_UNIX 1
| #define LLVM_ENABLE_THREADS 1
| #define LLVM_ENABLE_ZLIB 1
| #define ENABLE_PIC 1
| #define ENABLE_TIMESTAMPS 1
| #define ENABLE_BACKTRACES 1
| #define ENABLE_CRASH_OVERRIDES 1
| #define LLVM_NATIVE_ARCH X86
| #define LLVM_NATIVE_TARGET LLVMInitializeX86Target
| #define LLVM_NATIVE_TARGETINFO LLVMInitializeX86TargetInfo
| #define LLVM_NATIVE_TARGETMC LLVMInitializeX86TargetMC
| #define LLVM_NATIVE_ASMPRINTER LLVMInitializeX86AsmPrinter
| #define LLVM_NATIVE_ASMPARSER LLVMInitializeX86AsmParser
| #define LLVM_NATIVE_DISASSEMBLER LLVMInitializeX86Disassembler
| #define CLANG_RESOURCE_DIR ""
| #define C_INCLUDE_DIRS ""
| #define GCC_INSTALL_PREFIX ""
| #define DEFAULT_SYSROOT ""
| #define BUG_REPORT_URL "http://llvm.org/bugs/"
| #define HOST_LINK_VERSION "2.24"
| #define HAVE_LINK_R 1
| #define HAVE_LINK_EXPORT_DYNAMIC 1
| #define STDC_HEADERS 1
| #define HAVE_SYS_TYPES_H 1
| #define HAVE_SYS_STAT_H 1
| #define HAVE_STDLIB_H 1
| #define HAVE_STRING_H 1
| #define HAVE_MEMORY_H 1
| #define HAVE_STRINGS_H 1
| #define HAVE_INTTYPES_H 1
| #define HAVE_STDINT_H 1
| #define HAVE_UNISTD_H 1
| #define HAVE_ERRNO_H 1
| #define LTDL_SHLIB_EXT ".so"
| #define HAVE_LIBM 1
| #define HAVE_DLOPEN 1
| #define HAVE_TERMINFO 1
| /* end confdefs.h.  */
| 
| /* Override any GCC internal prototype to avoid an error.
|    Use char because int might match the return type of a GCC
|    builtin and then its argument prototype would still apply.  */
| #ifdef __cplusplus
| extern "C"
| #endif
| char el_init ();
| int
| main ()
| {
| return el_init ();
|   ;
|   return 0;
| }
configure:8977: result: no
configure:9101: checking for library containing mallinfo
configure:9142: gcc -o conftest    conftest.c -ltinfo -ldl -lm  >&5
configure:9148: $? = 0
configure:9155: test -z "$ac_c_werror_flag" || test ! -s conftest.err
configure:9158: $? = 0
configure:9165: test -s conftest
configure:9168: $? = 0
configure:9192: result: none required
configure:9207: checking for pthread_mutex_init in -lpthread
configure:9242: gcc -o conftest    conftest.c -lpthread  -ltinfo -ldl -lm  >&5
configure:9248: $? = 0
configure:9255: test -z "$ac_c_werror_flag" || test ! -s conftest.err
configure:9258: $? = 0
configure:9265: test -s conftest
configure:9268: $? = 0
configure:9282: result: yes
configure:9293: checking for library containing pthread_mutex_lock
configure:9334: gcc -o conftest    conftest.c -lpthread -ltinfo -ldl -lm  >&5
configure:9340: $? = 0
configure:9347: test -z "$ac_c_werror_flag" || test ! -s conftest.err
configure:9350: $? = 0
configure:9357: test -s conftest
configure:9360: $? = 0
configure:9384: result: none required
configure:9396: checking for library containing pthread_rwlock_init
configure:9437: gcc -o conftest    conftest.c -lpthread -ltinfo -ldl -lm  >&5
configure:9443: $? = 0
configure:9450: test -z "$ac_c_werror_flag" || test ! -s conftest.err
configure:9453: $? = 0
configure:9460: test -s conftest
configure:9463: $? = 0
configure:9487: result: none required
configure:9499: checking for library containing pthread_getspecific
configure:9540: gcc -o conftest    conftest.c -lpthread -ltinfo -ldl -lm  >&5
configure:9546: $? = 0
configure:9553: test -z "$ac_c_werror_flag" || test ! -s conftest.err
configure:9556: $? = 0
configure:9563: test -s conftest
configure:9566: $? = 0
configure:9590: result: none required
configure:9606: checking for compress2 in -lz
configure:9641: gcc -o conftest    conftest.c -lz  -lpthread -ltinfo -ldl -lm  >&5
configure:9647: $? = 0
configure:9654: test -z "$ac_c_werror_flag" || test ! -s conftest.err
configure:9657: $? = 0
configure:9664: test -s conftest
configure:9667: $? = 0
configure:9681: result: yes
configure:10144: checking for xml2-config
configure:10160: found /usr/bin/xml2-config
configure:10171: result: xml2-config
configure:10183: checking for libxml2 includes
configure:10190: result: -I/usr/include/libxml2
configure:10192: checking for xmlReadFile in -lxml2
configure:10227: gcc -o conftest    conftest.c -lxml2  -lz -lpthread -ltinfo -ldl -lm  >&5
configure:10233: $? = 0
configure:10240: test -z "$ac_c_werror_flag" || test ! -s conftest.err
configure:10243: $? = 0
configure:10250: test -s conftest
configure:10253: $? = 0
configure:10267: result: yes
configure:10291: checking for dirent.h that defines DIR
configure:10320: gcc -c   conftest.c >&5
configure:10326: $? = 0
configure:10333: test -z "$ac_c_werror_flag" || test ! -s conftest.err
configure:10336: $? = 0
configure:10343: test -s conftest.o
configure:10346: $? = 0
configure:10359: result: yes
configure:10372: checking for library containing opendir
configure:10413: gcc -o conftest    conftest.c -lz -lpthread -ltinfo -ldl -lm  >&5
configure:10419: $? = 0
configure:10426: test -z "$ac_c_werror_flag" || test ! -s conftest.err
configure:10429: $? = 0
configure:10436: test -s conftest
configure:10439: $? = 0
configure:10463: result: none required
configure:10573: checking for MAP_ANONYMOUS vs. MAP_ANON
configure:10607: gcc -c   conftest.c >&5
configure:10613: $? = 0
configure:10620: test -z "$ac_c_werror_flag" || test ! -s conftest.err
configure:10623: $? = 0
configure:10630: test -s conftest.o
configure:10633: $? = 0
configure:10652: result: yes
configure:10662: checking whether stat file-mode macros are broken
configure:10710: result: no
configure:10720: checking for sys/wait.h that is POSIX.1 compatible
configure:10756: gcc -c   conftest.c >&5
configure:10762: $? = 0
configure:10769: test -z "$ac_c_werror_flag" || test ! -s conftest.err
configure:10772: $? = 0
configure:10779: test -s conftest.o
configure:10782: $? = 0
configure:10794: result: yes
configure:10804: checking whether time.h and sys/time.h may both be included
configure:10834: gcc -c   conftest.c >&5
configure:10840: $? = 0
configure:10847: test -z "$ac_c_werror_flag" || test ! -s conftest.err
configure:10850: $? = 0
configure:10857: test -s conftest.o
configure:10860: $? = 0
configure:10872: result: yes
configure:10893: checking for cxxabi.h
configure:10915: g++ -c   conftest.cpp >&5
configure:10921: $? = 0
configure:10928: test -z "$ac_cxx_werror_flag" || test ! -s conftest.err
configure:10931: $? = 0
configure:10938: test -s conftest.o
configure:10941: $? = 0
configure:10954: result: yes
configure:10991: checking dlfcn.h usability
configure:11008: gcc -c   conftest.c >&5
configure:11014: $? = 0
configure:11021: test -z "$ac_c_werror_flag" || test ! -s conftest.err
configure:11024: $? = 0
configure:11031: test -s conftest.o
configure:11034: $? = 0
configure:11045: result: yes
configure:11049: checking dlfcn.h presence
configure:11064: gcc -E  conftest.c
configure:11070: $? = 0
configure:11091: result: yes
configure:11124: checking for dlfcn.h
configure:11132: result: yes
configure:10991: checking execinfo.h usability
configure:11008: gcc -c   conftest.c >&5
configure:11014: $? = 0
configure:11021: test -z "$ac_c_werror_flag" || test ! -s conftest.err
configure:11024: $? = 0
configure:11031: test -s conftest.o
configure:11034: $? = 0
configure:11045: result: yes
configure:11049: checking execinfo.h presence
configure:11064: gcc -E  conftest.c
configure:11070: $? = 0
configure:11091: result: yes
configure:11124: checking for execinfo.h
configure:11132: result: yes
configure:10991: checking fcntl.h usability
configure:11008: gcc -c   conftest.c >&5
configure:11014: $? = 0
configure:11021: test -z "$ac_c_werror_flag" || test ! -s conftest.err
configure:11024: $? = 0
configure:11031: test -s conftest.o
configure:11034: $? = 0
configure:11045: result: yes
configure:11049: checking fcntl.h presence
configure:11064: gcc -E  conftest.c
configure:11070: $? = 0
configure:11091: result: yes
configure:11124: checking for fcntl.h
configure:11132: result: yes
configure:10981: checking for inttypes.h
configure:10987: result: yes
configure:10991: checking link.h usability
configure:11008: gcc -c   conftest.c >&5
configure:11014: $? = 0
configure:11021: test -z "$ac_c_werror_flag" || test ! -s conftest.err
configure:11024: $? = 0
configure:11031: test -s conftest.o
configure:11034: $? = 0
configure:11045: result: yes
configure:11049: checking link.h presence
configure:11064: gcc -E  conftest.c
configure:11070: $? = 0
configure:11091: result: yes
configure:11124: checking for link.h
configure:11132: result: yes
configure:11165: checking malloc.h usability
configure:11182: gcc -c   conftest.c >&5
configure:11188: $? = 0
configure:11195: test -z "$ac_c_werror_flag" || test ! -s conftest.err
configure:11198: $? = 0
configure:11205: test -s conftest.o
configure:11208: $? = 0
configure:11219: result: yes
configure:11223: checking malloc.h presence
configure:11238: gcc -E  conftest.c
configure:11244: $? = 0
configure:11265: result: yes
configure:11298: checking for malloc.h
configure:11306: result: yes
configure:11165: checking setjmp.h usability
configure:11182: gcc -c   conftest.c >&5
configure:11188: $? = 0
configure:11195: test -z "$ac_c_werror_flag" || test ! -s conftest.err
configure:11198: $? = 0
configure:11205: test -s conftest.o
configure:11208: $? = 0
configure:11219: result: yes
configure:11223: checking setjmp.h presence
configure:11238: gcc -E  conftest.c
configure:11244: $? = 0
configure:11265: result: yes
configure:11298: checking for setjmp.h
configure:11306: result: yes
configure:11165: checking signal.h usability
configure:11182: gcc -c   conftest.c >&5
configure:11188: $? = 0
configure:11195: test -z "$ac_c_werror_flag" || test ! -s conftest.err
configure:11198: $? = 0
configure:11205: test -s conftest.o
configure:11208: $? = 0
configure:11219: result: yes
configure:11223: checking signal.h presence
configure:11238: gcc -E  conftest.c
configure:11244: $? = 0

## ---------------- ##
## Cache variables. ##
## ---------------- ##

ac_cv_build=i686-pc-linux-gnu
ac_cv_c_compiler_gnu=yes
ac_cv_cxx_compiler_gnu=yes
ac_cv_env_CCC_set=
ac_cv_env_CCC_value=
ac_cv_env_CC_set=
ac_cv_env_CC_value=
ac_cv_env_CFLAGS_set=
ac_cv_env_CFLAGS_value=
ac_cv_env_CPPFLAGS_set=
ac_cv_env_CPPFLAGS_value=
ac_cv_env_CPP_set=
ac_cv_env_CPP_value=
ac_cv_env_CXXFLAGS_set=
ac_cv_env_CXXFLAGS_value=
ac_cv_env_CXX_set=
ac_cv_env_CXX_value=
ac_cv_env_LDFLAGS_set=
ac_cv_env_LDFLAGS_value=
ac_cv_env_build_alias_set=
ac_cv_env_build_alias_value=
ac_cv_env_host_alias_set=
ac_cv_env_host_alias_value=
ac_cv_env_target_alias_set=
ac_cv_env_target_alias_value=
ac_cv_header_cxxabi_h=yes
ac_cv_header_dirent_dirent_h=yes
ac_cv_header_dlfcn_h=yes
ac_cv_header_errno_h=yes
ac_cv_header_execinfo_h=yes
ac_cv_header_fcntl_h=yes
ac_cv_header_inttypes_h=yes
ac_cv_header_link_h=yes
ac_cv_header_malloc_h=yes
ac_cv_header_memory_h=yes
ac_cv_header_mmap_anon=yes
ac_cv_header_setjmp_h=yes
ac_cv_header_stat_broken=no
ac_cv_header_stdc=yes
ac_cv_header_stdint_h=yes
ac_cv_header_stdlib_h=yes
ac_cv_header_string_h=yes
ac_cv_header_strings_h=yes
ac_cv_header_sys_stat_h=yes
ac_cv_header_sys_types_h=yes
ac_cv_header_sys_wait_h=yes
ac_cv_header_time=yes
ac_cv_header_unistd_h=yes
ac_cv_host=i686-pc-linux-gnu
ac_cv_lib_m_sin=yes
ac_cv_lib_pthread_pthread_mutex_init=yes
ac_cv_lib_xml2_xmlReadFile=yes
ac_cv_lib_z_compress2=yes
ac_cv_objext=o
ac_cv_path_BINPWD=/bin/pwd
ac_cv_path_BZIP2=/bin/bzip2
ac_cv_path_CAT=/bin/cat
ac_cv_path_CMP=/usr/bin/cmp
ac_cv_path_CP=/bin/cp
ac_cv_path_DATE=/bin/date
ac_cv_path_DOT='echo dot'
ac_cv_path_EGREP='/bin/grep -E'
ac_cv_path_FIND=/usr/bin/find
ac_cv_path_GAS=/usr/bin/as
ac_cv_path_GREP=/bin/grep
ac_cv_path_GROFF=/usr/bin/groff
ac_cv_path_GZIPBIN=/bin/gzip
ac_cv_path_MKDIR=/bin/mkdir
ac_cv_path_MV=/bin/mv
ac_cv_path_NM=/usr/bin/nm
ac_cv_path_PYTHON=/usr/bin/python
ac_cv_path_RM=/bin/rm
ac_cv_path_SED=/bin/sed
ac_cv_path_TAR=/bin/tar
ac_cv_path_ZIP=/usr/bin/zip
ac_cv_path_install='/usr/bin/install -c'
ac_cv_prog_CPP='gcc -E'
ac_cv_prog_XML2CONFIG=xml2-config
ac_cv_prog_ac_ct_AR=ar
ac_cv_prog_ac_ct_CC=gcc
ac_cv_prog_ac_ct_CXX=g++
ac_cv_prog_ac_ct_RANLIB=ranlib
ac_cv_prog_cc_c89=
ac_cv_prog_cc_g=yes
ac_cv_prog_cxx_g=yes
ac_cv_search_clock_gettime='none required'
ac_cv_search_dlopen=-ldl
ac_cv_search_el_init=no
ac_cv_search_mallinfo='none required'
ac_cv_search_opendir='none required'
ac_cv_search_pthread_getspecific='none required'
ac_cv_search_pthread_mutex_lock='none required'
ac_cv_search_pthread_rwlock_init='none required'
ac_cv_search_setupterm=-ltinfo
ac_cv_target=i686-pc-linux-gnu
llvm_cv_cxx_compiler=gcc
llvm_cv_enable_backtraces=yes
llvm_cv_enable_crash_overrides=yes
llvm_cv_enable_libedit=yes
llvm_cv_enable_libffi=no
llvm_cv_enable_terminfo=yes
llvm_cv_gnu_make_command=make
llvm_cv_link_all_option=-Wl,--whole-archive
llvm_cv_link_use_export_dynamic=yes
llvm_cv_link_use_r=yes
llvm_cv_link_use_version_script=yes
llvm_cv_link_version=2.24
llvm_cv_no_link_all_option=-Wl,--no-whole-archive
llvm_cv_old_cxxflags=
llvm_cv_os_type=Linux
llvm_cv_platform_type=Unix
llvm_cv_target_arch=x86
llvm_cv_target_os_type=Linux

## ----------------- ##
## Output variables. ##
## ----------------- ##

ALL_TARGETS='X86 Sparc PowerPC ARM AArch64 Mips XCore MSP430 CppBackend NVPTX Hexagon SystemZ R600'
AR='ar'
ARCH='x86'
BINDINGS_TO_BUILD='auto'
BINPWD='/bin/pwd'
BINUTILS_INCDIR=''
BUILD_CC=''
BUILD_CXX=''
BUILD_EXEEXT=''
BZIP2='/bin/bzip2'
CAT='/bin/cat'
CC='gcc'
CFLAGS=''
CLANG_PLUGIN_SUPPORT='1'
CLANG_SRC_ROOT=''
CMP='/usr/bin/cmp'
COVERED_SWITCH_DEFAULT=''
CP='/bin/cp'
CPP='gcc -E'
CPPFLAGS=''
CVSBUILD='CVSBUILD=1'
CXX='g++'
CXXFLAGS=''
DATE='/bin/date'
DEBUG_RUNTIME=''
DEBUG_SYMBOLS=''
DEFS=''
DISABLE_ASSERTIONS=''
DOT='echo dot'
DOXYGEN=''
ECHO_C=''
ECHO_N='-n'
ECHO_T=''
EGREP='/bin/grep -E'
ENABLE_CLANG_ARCMT='1'
ENABLE_CLANG_STATIC_ANALYZER='1'
ENABLE_CXX1Y='0'
ENABLE_DOCS='1'
ENABLE_DOXYGEN='0'
ENABLE_EMBED_STDCXX='0'
ENABLE_EXPENSIVE_CHECKS=''
ENABLE_LIBCPP='0'
ENABLE_OPTIMIZED=''
ENABLE_PIC='1'
ENABLE_POLLY='1'
ENABLE_PROFILING=''
ENABLE_PTHREADS='1'
ENABLE_SHARED='0'
ENABLE_SPLIT_DWARF='0'
ENABLE_TERMINFO='1'
ENABLE_TIMESTAMPS='1'
ENABLE_VISIBILITY_INLINES_HIDDEN=''
ENABLE_WERROR='0'
EXEEXT=''
EXPENSIVE_CHECKS='no'
EXTRA_LD_OPTIONS=''
EXTRA_OPTIONS=''
FIND='/usr/bin/find'
GAS='/usr/bin/as'
GO=''
GREP='/bin/grep'
GROFF='/usr/bin/groff'
GZIPBIN='/bin/gzip'
HAVE_DLOPEN='1'
HAVE_LIBZ=''
HAVE_LINK_VERSION_SCRIPT='1'
HAVE_OCAMLOPT=''
HAVE_OCAML_OUNIT=''
HAVE_PTHREAD=''
HAVE_TERMINFO='1'
HOST_ARCH='x86'
HOST_OS='Linux'
HUGE_VAL_SANITY=''
INSTALL_DATA='${INSTALL} -m 644'
INSTALL_PROGRAM='${INSTALL}'
INSTALL_SCRIPT='${INSTALL}'
INTERNAL_PREFIX=''
JIT=''
KEEP_SYMBOLS=''
LDFLAGS=''
LIBOBJS=''
LIBS='-lz -lpthread -ltinfo -ldl -lm '
LIBXML2_INC='-I/usr/include/libxml2'
LIBXML2_LIBS='-lxml2'
LINKALL='-Wl,--whole-archive'
LLVM_BINDIR=''
LLVM_CONFIGTIME=''
LLVM_COPYRIGHT='Copyright (c) 2003-2014 University of Illinois at Urbana-Champaign.'
LLVM_CROSS_COMPILING='0'
LLVM_DATADIR=''
LLVM_DOCSDIR=''
LLVM_ENABLE_THREADS='1'
LLVM_ENABLE_ZLIB='1'
LLVM_ENUM_ASM_PARSERS='LLVM_ASM_PARSER(R600) LLVM_ASM_PARSER(SystemZ) LLVM_ASM_PARSER(Mips) LLVM_ASM_PARSER(AArch64) LLVM_ASM_PARSER(ARM) LLVM_ASM_PARSER(PowerPC) LLVM_ASM_PARSER(Sparc) LLVM_ASM_PARSER(X86) '
LLVM_ENUM_ASM_PRINTERS='LLVM_ASM_PRINTER(R600) LLVM_ASM_PRINTER(SystemZ) LLVM_ASM_PRINTER(Hexagon) LLVM_ASM_PRINTER(NVPTX) LLVM_ASM_PRINTER(MSP430) LLVM_ASM_PRINTER(XCore) LLVM_ASM_PRINTER(Mips) LLVM_ASM_PRINTER(AArch64) LLVM_ASM_PRINTER(ARM) LLVM_ASM_PRINTER(PowerPC) LLVM_ASM_PRINTER(Sparc) LLVM_ASM_PRINTER(X86) '
LLVM_ENUM_DISASSEMBLERS='LLVM_DISASSEMBLER(SystemZ) LLVM_DISASSEMBLER(Hexagon) LLVM_DISASSEMBLER(XCore) LLVM_DISASSEMBLER(Mips) LLVM_DISASSEMBLER(AArch64) LLVM_DISASSEMBLER(ARM) LLVM_DISASSEMBLER(PowerPC) LLVM_DISASSEMBLER(Sparc) LLVM_DISASSEMBLER(X86) '
LLVM_ENUM_TARGETS='LLVM_TARGET(R600) LLVM_TARGET(SystemZ) LLVM_TARGET(Hexagon) LLVM_TARGET(NVPTX) LLVM_TARGET(CppBackend) LLVM_TARGET(MSP430) LLVM_TARGET(XCore) LLVM_TARGET(Mips) LLVM_TARGET(AArch64) LLVM_TARGET(ARM) LLVM_TARGET(PowerPC) LLVM_TARGET(Sparc) LLVM_TARGET(X86) '
LLVM_ETCDIR=''
LLVM_HAS_POLLY=''
LLVM_INCLUDEDIR=''
LLVM_INFODIR=''
LLVM_MANDIR=''
LLVM_NATIVE_ARCH='X86'
LLVM_ON_UNIX='1'
LLVM_ON_WIN32='0'
LLVM_PREFIX=''
LLVM_VERSION_MAJOR='3'
LLVM_VERSION_MINOR='6'
LLVM_VERSION_PATCH='1'
LLVM_VERSION_SUFFIX=''
LN_S='ln -s'
LTLIBOBJS=''
MKDIR='/bin/mkdir'
MMAP_FILE=''
MV='/bin/mv'
NM='/usr/bin/nm'
NOLINKALL='-Wl,--no-whole-archive'
NO_COMMENT='-Wno-comment'
NO_MAYBE_UNINITIALIZED='-Wno-maybe-uninitialized'
NO_MISSING_FIELD_INITIALIZERS='-Wno-missing-field-initializers'
NO_UNINITIALIZED=''
NO_VARIADIC_MACROS='-Wno-variadic-macros'
OBJEXT='o'
OCAMLFIND=''
OCAML_LIBDIR=''
OPTIMIZE_OPTION='-O3'
OS='Linux'
PACKAGE_BUGREPORT='http://o-llvm.org'
PACKAGE_NAME='LLVM'
PACKAGE_STRING='Obfuscator-LLVM 3.6.1'
PACKAGE_TARNAME='llvm'
PACKAGE_VERSION='3.6.1'
PATH_SEPARATOR=':'
PDFROFF=''
PYTHON='/usr/bin/python'
RANLIB='ranlib'
RDYNAMIC=''
RM='/bin/rm'
RPATH=''
SED='/bin/sed'
SHELL='/bin/bash'
SHLIBEXT=''
TAR='/bin/tar'
TARGETS_TO_BUILD='X86 Sparc PowerPC ARM AArch64 Mips XCore MSP430 CppBackend NVPTX Hexagon SystemZ R600'
TARGETS_WITH_JIT='ARM AArch64 Mips PowerPC SystemZ X86'
TARGET_HAS_JIT='1'
TARGET_OS='Linux'
USE_INTEL_JITEVENTS='0'
USE_OPROFILE='0'
XML2CONFIG='xml2-config'
ZIP='/usr/bin/zip'
ac_ct_CC='gcc'
ac_ct_CXX='g++'
bindir='${exec_prefix}/bin'
build='i686-pc-linux-gnu'
build_alias=''
build_cpu='i686'
build_os='linux-gnu'
build_vendor='pc'
datadir='${datarootdir}'
datarootdir='${prefix}/share'
docdir='${datarootdir}/doc/${PACKAGE_TARNAME}'
dvidir='${docdir}'
exec_prefix='NONE'
host='i686-pc-linux-gnu'
host_alias=''
host_cpu='i686'
host_os='linux-gnu'
host_vendor='pc'
htmldir='${docdir}'
ifGNUmake=''
includedir='${prefix}/include'
infodir='${datarootdir}/info'
libdir='${exec_prefix}/lib'
libexecdir='${exec_prefix}/libexec'
localedir='${datarootdir}/locale'
localstatedir='${prefix}/var'
mandir='${datarootdir}/man'
oldincludedir='/usr/include'
pdfdir='${docdir}'
prefix='NONE'
program_prefix='NONE'
program_transform_name='s,x,x,'
psdir='${docdir}'
sbindir='${exec_prefix}/sbin'
sharedstatedir='${prefix}/com'
subdirs=''
sysconfdir='${prefix}/etc'
target='i686-pc-linux-gnu'
target_alias=''
target_cpu='i686'
target_os='linux-gnu'
target_vendor='pc'

## ----------- ##
## confdefs.h. ##
## ----------- ##

#define PACKAGE_NAME "LLVM"
#define PACKAGE_TARNAME "llvm"
#define PACKAGE_VERSION "3.6.1"
#define PACKAGE_STRING "Obfuscator-LLVM 3.6.1"
#define PACKAGE_BUGREPORT "http://o-llvm.org"
#define LLVM_VERSION_MAJOR 3
#define LLVM_VERSION_MINOR 6
#define LLVM_VERSION_PATCH 1
#define LLVM_VERSION_STRING "3.6.1"
#define LLVM_ON_UNIX 1
#define LLVM_ENABLE_THREADS 1
#define LLVM_ENABLE_ZLIB 1
#define ENABLE_PIC 1
#define ENABLE_TIMESTAMPS 1
#define ENABLE_BACKTRACES 1
#define ENABLE_CRASH_OVERRIDES 1
#define LLVM_NATIVE_ARCH X86
#define LLVM_NATIVE_TARGET LLVMInitializeX86Target
#define LLVM_NATIVE_TARGETINFO LLVMInitializeX86TargetInfo
#define LLVM_NATIVE_TARGETMC LLVMInitializeX86TargetMC
#define LLVM_NATIVE_ASMPRINTER LLVMInitializeX86AsmPrinter
#define LLVM_NATIVE_ASMPARSER LLVMInitializeX86AsmParser
#define LLVM_NATIVE_DISASSEMBLER LLVMInitializeX86Disassembler
#define CLANG_RESOURCE_DIR ""
#define C_INCLUDE_DIRS ""
#define GCC_INSTALL_PREFIX ""
#define DEFAULT_SYSROOT ""
#define BUG_REPORT_URL "http://llvm.org/bugs/"
#define HOST_LINK_VERSION "2.24"
#define HAVE_LINK_R 1
#define HAVE_LINK_EXPORT_DYNAMIC 1
#define STDC_HEADERS 1
#define HAVE_SYS_TYPES_H 1
#define HAVE_SYS_STAT_H 1
#define HAVE_STDLIB_H 1
#define HAVE_STRING_H 1
#define HAVE_MEMORY_H 1
#define HAVE_STRINGS_H 1
#define HAVE_INTTYPES_H 1
#define HAVE_STDINT_H 1
#define HAVE_UNISTD_H 1
#define HAVE_ERRNO_H 1
#define LTDL_SHLIB_EXT ".so"
#define HAVE_LIBM 1
#define HAVE_DLOPEN 1
#define HAVE_TERMINFO 1
#define HAVE_MALLINFO 1
#define HAVE_LIBPTHREAD 1
#define HAVE_PTHREAD_MUTEX_LOCK 1
#define HAVE_PTHREAD_RWLOCK_INIT 1
#define HAVE_PTHREAD_GETSPECIFIC 1
#define HAVE_LIBZ 1
#define LLVM_USE_OPROFILE 0
#define LLVM_USE_INTEL_JITEVENTS 0
#define CLANG_HAVE_LIBXML 1
#define HAVE_DIRENT_H 1
#define HAVE_MMAP_ANONYMOUS 1
#define HAVE_SYS_WAIT_H 1
#define TIME_WITH_SYS_TIME 1
#define HAVE_CXXABI_H 1
#define HAVE_DLFCN_H 1
#define HAVE_EXECINFO_H 1
#define HAVE_FCNTL_H 1
#define HAVE_INTTYPES_H 1
#define HAVE_LINK_H 1
#define HAVE_MALLOC_H 1
#define HAVE_SETJMP_H 1

configure: caught signal 2
configure: exit 1
